TN:
SF:src\helpers\makeStore.tsx
FN:8,makeStore
FN:20,(anonymous_2)
FN:26,(anonymous_3)
FN:37,(anonymous_4)
FN:41,(anonymous_5)
FNF:5
FNH:0
FNDA:0,makeStore
FNDA:0,(anonymous_2)
FNDA:0,(anonymous_3)
FNDA:0,(anonymous_4)
FNDA:0,(anonymous_5)
DA:1,0
DA:2,0
DA:13,0
DA:14,0
DA:16,0
DA:17,0
DA:20,0
DA:21,0
DA:22,0
DA:23,0
DA:26,0
DA:27,0
DA:28,0
DA:30,0
DA:37,0
DA:38,0
DA:41,0
DA:42,0
DA:45,0
DA:48,0
LF:20
LH:0
BRDA:17,0,0,0
BRDA:17,0,1,0
BRDA:17,1,0,0
BRDA:17,1,1,0
BRF:4
BRH:0
end_of_record
TN:
SF:src\utils\hello.ts
FN:3,(anonymous_1)
FNF:1
FNH:1
FNDA:3,(anonymous_1)
DA:1,4
DA:3,4
DA:4,3
DA:5,2
DA:7,1
DA:10,4
LF:6
LH:6
BRDA:4,0,0,2
BRDA:4,0,1,1
BRF:2
BRH:2
end_of_record
