TN:
SF:src\components\button\Button.tsx
FN:10,(anonymous_1)
FNF:1
FNH:1
FNDA:1,(anonymous_1)
DA:1,1
DA:2,1
DA:10,1
DA:11,1
DA:12,1
DA:19,1
LF:6
LH:6
BRF:0
BRH:0
end_of_record
TN:
SF:src\components\button\button.style.ts
FNF:0
FNH:0
DA:1,1
DA:2,1
DA:4,1
DA:21,1
LF:4
LH:4
BRF:0
BRH:0
end_of_record
TN:
SF:src\helpers\hello.ts
FN:3,(anonymous_0)
FNF:1
FNH:1
FNDA:3,(anonymous_0)
DA:1,1
DA:3,1
DA:4,3
DA:5,2
DA:7,1
DA:10,1
LF:6
LH:6
BRDA:4,0,0,2
BRDA:4,0,1,1
BRF:2
BRH:2
end_of_record
TN:
SF:src\utils\format-numbers.ts
FN:1,(anonymous_0)
FNF:1
FNH:1
FNDA:2,(anonymous_0)
DA:1,4
DA:2,2
DA:5,4
LF:3
LH:3
BRF:0
BRH:0
end_of_record
TN:
SF:src\utils\greeting.ts
FN:4,(anonymous_0)
FNF:1
FNH:1
FNDA:3,(anonymous_0)
DA:1,4
DA:2,4
DA:4,4
DA:5,3
DA:6,0
DA:8,3
DA:9,0
DA:11,3
DA:12,3
DA:14,0
DA:17,4
LF:11
LH:8
BRDA:5,0,0,0
BRDA:5,0,1,3
BRDA:8,1,0,0
BRDA:8,1,1,3
BRDA:8,2,0,3
BRDA:8,2,1,3
BRDA:11,3,0,3
BRDA:11,3,1,0
BRF:8
BRH:5
end_of_record
TN:
SF:src\utils\text-truncate.ts
FN:1,(anonymous_0)
FNF:1
FNH:1
FNDA:1,(anonymous_0)
DA:1,4
DA:2,1
DA:3,1
DA:5,0
DA:7,4
LF:5
LH:4
BRDA:1,0,0,1
BRDA:1,1,0,1
BRDA:2,2,0,1
BRDA:2,2,1,0
BRF:4
BRH:3
end_of_record
